<?xml version="1.0" encoding="UTF-8"?>
<testng-results ignored="0" total="1" passed="1" failed="0" skipped="0">
  <reporter-output>
  </reporter-output>
  <suite started-at="2022-10-19T00:37:23 IST" name="Default suite" finished-at="2022-10-19T00:37:32 IST" duration-ms="8899">
    <groups>
    </groups>
    <test started-at="2022-10-19T00:37:23 IST" name="Default test" finished-at="2022-10-19T00:37:32 IST" duration-ms="8899">
      <class name="com.test.LoginTest">
        <test-method is-config="true" signature="openBrowser()[pri:0, instance:com.test.LoginTest@306cf3ea]" started-at="2022-10-19T00:37:23 IST" name="openBrowser" finished-at="2022-10-19T00:37:28 IST" duration-ms="5482" status="PASS">
          <reporter-output>
          </reporter-output>
        </test-method> <!-- openBrowser -->
        <test-method signature="loginTest()[pri:0, instance:com.test.LoginTest@306cf3ea]" started-at="2022-10-19T00:37:28 IST" name="loginTest" finished-at="2022-10-19T00:37:32 IST" duration-ms="3257" status="PASS">
          <reporter-output>
          </reporter-output>
        </test-method> <!-- loginTest -->
        <test-method is-config="true" signature="teardown()[pri:0, instance:com.test.LoginTest@306cf3ea]" started-at="2022-10-19T00:37:32 IST" name="teardown" finished-at="2022-10-19T00:37:32 IST" duration-ms="116" status="PASS">
          <reporter-output>
          </reporter-output>
        </test-method> <!-- teardown -->
      </class> <!-- com.test.LoginTest -->
    </test> <!-- Default test -->
  </suite> <!-- Default suite -->
</testng-results>
